<?xml version="1.0" encoding="utf-8" standalone="no"?>
<!--This file represents the results of running a test suite-->
<test-results name="bin/Debug/InterceptorTester.dll" total="5" failures="0" not-run="0" date="2015-05-27" time="13:21:23">
  <environment nunit-version="2.4.8.0" clr-version="4.0.30319.17020" os-version="Unix 14.0.0.0" platform="Unix" cwd="/Users/linai/Documents/InterceptorPerformanceTester/InterceptorTester" machine-name="Lins-MacBook-Air.local" user="linai" user-domain="Lins-MacBook-Air.local" />
  <culture-info current-culture="en-CA" current-uiculture="en-CA" />
  <test-suite name="bin/Debug/InterceptorTester.dll" success="True" time="87.404" asserts="0">
    <results>
      <test-suite name="ConsoleApplication1" success="True" time="87.402" asserts="0">
        <results>
          <test-suite name="DeviceBackupTest" success="True" time="17.802" asserts="0">
            <results>
              <test-case name="ConsoleApplication1.DeviceBackupTest.ValidSingleBackupItemAsync" executed="True" success="True" time="17.779" asserts="0" />
            </results>
          </test-suite>
          <test-suite name="DeviceScanTest" success="True" time="2.027" asserts="0">
            <results>
              <test-case name="ConsoleApplication1.DeviceScanTest.SingleScanSimpleAsync" executed="True" success="True" time="2.027" asserts="0" />
            </results>
          </test-suite>
          <test-suite name="DeviceStatusTest" success="True" time="0.896" asserts="0">
            <results>
              <test-case name="ConsoleApplication1.DeviceStatusTest.ValidSerial" executed="True" success="True" time="0.894" asserts="0" />
            </results>
          </test-suite>
          <test-suite name="ICmdTest" success="True" time="66.655" asserts="0">
            <results>
              <test-case name="ConsoleApplication1.ICmdTest.AsynchronousPerformanceTest" executed="True" success="True" time="7.442" asserts="0" />
              <test-case name="ConsoleApplication1.ICmdTest.SynchronousPerformanceTest" executed="True" success="True" time="59.211" asserts="0" />
            </results>
          </test-suite>
        </results>
      </test-suite>
    </results>
  </test-suite>
</test-results>